--- Copying files at Wed May 25 10:59:30 UTC 2022
--- Copying files at Wed May 25 19:49:37 UTC 2022
--- Copying files at Wed May 25 20:07:55 UTC 2022
--- Copying files at Wed May 25 20:51:53 UTC 2022
--- Copying files at Wed May 25 21:04:17 UTC 2022
--- Copying files at Wed May 25 21:36:55 UTC 2022
--- Copying files at Fri May 27 06:54:01 UTC 2022
--- Copying files at Fri May 27 08:27:23 UTC 2022
--- Copying files at Fri May 27 09:37:04 UTC 2022
--- Copying files at Fri May 27 13:13:04 UTC 2022
--- Copying files at Fri May 27 16:51:29 UTC 2022
--- Copying files at Sat May 28 08:08:57 UTC 2022
--- Copying files at Sat May 28 09:13:38 UTC 2022
--- Copying files at Sat May 28 12:16:56 UTC 2022
--- Copying files at Sat May 28 12:32:26 UTC 2022
--- Copying files at Sat May 28 13:28:16 UTC 2022
--- Copying files at Sat May 28 19:05:03 UTC 2022
--- Copying files at Sat May 28 20:53:32 UTC 2022
--- Copying files at Sat May 28 21:30:55 UTC 2022
--- Copying files at Sat May 28 21:32:02 UTC 2022
--- Copying files at Sun May 29 09:22:38 UTC 2022
--- Copying files at Sun May 29 10:00:57 UTC 2022
--- Copying files at Sun May 29 12:38:42 UTC 2022
--- Copying files at Tue May 31 08:21:04 UTC 2022
--- Copying files at Tue May 31 16:13:25 UTC 2022
--- Copying files at Wed Jun  1 10:05:21 UTC 2022
