Started at Fri Jun 03 16:13:24 UTC 2022
Processing ansible-test
Offering ansible-test to Project Build Discarder
Processing ENV
Offering ENV to Project Build Discarder
Processing maven-sample-app
Offering maven-sample-app to Project Build Discarder
Processing my-first-job
Offering my-first-job to Project Build Discarder
Processing remote-job
Offering remote-job to Project Build Discarder
Finished at Fri Jun 03 16:13:24 UTC 2022. 32ms
Started at Fri Jun 03 17:13:24 UTC 2022
Processing ansible-test
Offering ansible-test to Project Build Discarder
Processing ENV
Offering ENV to Project Build Discarder
Processing maven-sample-app
Offering maven-sample-app to Project Build Discarder
Processing my-first-job
Offering my-first-job to Project Build Discarder
Processing remote-job
Offering remote-job to Project Build Discarder
Finished at Fri Jun 03 17:13:25 UTC 2022. 54ms
Started at Fri Jun 03 18:13:24 UTC 2022
Processing ansible-test
Offering ansible-test to Project Build Discarder
Processing ENV
Offering ENV to Project Build Discarder
Processing job-dsl
Offering job-dsl to Project Build Discarder
Processing maven-sample-app
Offering maven-sample-app to Project Build Discarder
Processing my-first-job
Offering my-first-job to Project Build Discarder
Processing remote-job
Offering remote-job to Project Build Discarder
Finished at Fri Jun 03 18:13:24 UTC 2022. 24ms
